<?xml version="1.0" encoding="UTF-8"?>
<testsuite xmlns:xsi="http://www.w3.org/2001/XMLSchema-instance" xsi:noNamespaceSchemaLocation="https://maven.apache.org/surefire/maven-surefire-plugin/xsd/surefire-test-report.xsd" name="com.mycompany.app.AppTest" time="0.023" tests="1" errors="0" skipped="0" failures="0">
  <properties>
    <property name="gopherProxySet" value="false"/>
    <property name="awt.toolkit" value="sun.lwawt.macosx.LWCToolkit"/>
    <property name="file.encoding.pkg" value="sun.io"/>
    <property name="java.specification.version" value="1.8"/>
    <property name="sun.cpu.isalist" value=""/>
    <property name="sun.jnu.encoding" value="UTF-8"/>
    <property name="java.class.path" value="/Users/will/Documents/GitHub/ncZarrTest/my-app/target/test-classes:/Users/will/Documents/GitHub/ncZarrTest/my-app/target/classes:/Users/will/.m2/repository/junit/junit/4.11/junit-4.11.jar:/Users/will/.m2/repository/org/hamcrest/hamcrest-core/1.3/hamcrest-core-1.3.jar:/Users/will/.m2/repository/edu/ucar/cdm-core/5.5.2/cdm-core-5.5.2.jar:/Users/will/.m2/repository/edu/ucar/udunits/5.5.2/udunits-5.5.2.jar:/Users/will/.m2/repository/edu/ucar/httpservices/5.5.2/httpservices-5.5.2.jar:/Users/will/.m2/repository/org/apache/httpcomponents/httpclient/4.5.13/httpclient-4.5.13.jar:/Users/will/.m2/repository/commons-logging/commons-logging/1.2/commons-logging-1.2.jar:/Users/will/.m2/repository/commons-codec/commons-codec/1.11/commons-codec-1.11.jar:/Users/will/.m2/repository/org/apache/httpcomponents/httpcore/4.4.13/httpcore-4.4.13.jar:/Users/will/.m2/repository/org/apache/httpcomponents/httpmime/4.5.13/httpmime-4.5.13.jar:/Users/will/.m2/repository/com/beust/jcommander/1.78/jcommander-1.78.jar:/Users/will/.m2/repository/com/google/guava/guava/30.1-jre/guava-30.1-jre.jar:/Users/will/.m2/repository/com/google/guava/failureaccess/1.0.1/failureaccess-1.0.1.jar:/Users/will/.m2/repository/com/google/guava/listenablefuture/9999.0-empty-to-avoid-conflict-with-guava/listenablefuture-9999.0-empty-to-avoid-conflict-with-guava.jar:/Users/will/.m2/repository/org/checkerframework/checker-qual/3.5.0/checker-qual-3.5.0.jar:/Users/will/.m2/repository/com/google/errorprone/error_prone_annotations/2.3.4/error_prone_annotations-2.3.4.jar:/Users/will/.m2/repository/com/google/j2objc/j2objc-annotations/1.3/j2objc-annotations-1.3.jar:/Users/will/.m2/repository/com/google/protobuf/protobuf-java/3.12.4/protobuf-java-3.12.4.jar:/Users/will/.m2/repository/com/google/re2j/re2j/1.3/re2j-1.3.jar:/Users/will/.m2/repository/joda-time/joda-time/2.10.3/joda-time-2.10.3.jar:/Users/will/.m2/repository/org/jdom/jdom2/2.0.6/jdom2-2.0.6.jar:/Users/will/.m2/repository/org/slf4j/slf4j-api/1.7.28/slf4j-api-1.7.28.jar:/Users/will/.m2/repository/com/google/code/findbugs/jsr305/3.0.2/jsr305-3.0.2.jar:/Users/will/.m2/repository/edu/ucar/cdm-zarr/5.5.2/cdm-zarr-5.5.2.jar:/Users/will/.m2/repository/edu/ucar/cdm-s3/5.5.2/cdm-s3-5.5.2.jar:/Users/will/.m2/repository/com/fasterxml/jackson/core/jackson-core/2.10.5/jackson-core-2.10.5.jar:/Users/will/.m2/repository/com/fasterxml/jackson/core/jackson-databind/2.10.5.1/jackson-databind-2.10.5.1.jar:/Users/will/.m2/repository/com/fasterxml/jackson/core/jackson-annotations/2.10.5/jackson-annotations-2.10.5.jar:/Users/will/.m2/repository/software/amazon/awssdk/s3/2.15.46/s3-2.15.46.jar:/Users/will/.m2/repository/software/amazon/awssdk/aws-xml-protocol/2.15.46/aws-xml-protocol-2.15.46.jar:/Users/will/.m2/repository/software/amazon/awssdk/aws-query-protocol/2.15.46/aws-query-protocol-2.15.46.jar:/Users/will/.m2/repository/software/amazon/awssdk/protocol-core/2.15.46/protocol-core-2.15.46.jar:/Users/will/.m2/repository/software/amazon/awssdk/arns/2.15.46/arns-2.15.46.jar:/Users/will/.m2/repository/software/amazon/awssdk/profiles/2.15.46/profiles-2.15.46.jar:/Users/will/.m2/repository/software/amazon/awssdk/sdk-core/2.15.46/sdk-core-2.15.46.jar:/Users/will/.m2/repository/org/reactivestreams/reactive-streams/1.0.2/reactive-streams-1.0.2.jar:/Users/will/.m2/repository/software/amazon/awssdk/auth/2.15.46/auth-2.15.46.jar:/Users/will/.m2/repository/software/amazon/eventstream/eventstream/1.0.1/eventstream-1.0.1.jar:/Users/will/.m2/repository/software/amazon/awssdk/http-client-spi/2.15.46/http-client-spi-2.15.46.jar:/Users/will/.m2/repository/software/amazon/awssdk/regions/2.15.46/regions-2.15.46.jar:/Users/will/.m2/repository/software/amazon/awssdk/annotations/2.15.46/annotations-2.15.46.jar:/Users/will/.m2/repository/software/amazon/awssdk/utils/2.15.46/utils-2.15.46.jar:/Users/will/.m2/repository/software/amazon/awssdk/aws-core/2.15.46/aws-core-2.15.46.jar:/Users/will/.m2/repository/software/amazon/awssdk/metrics-spi/2.15.46/metrics-spi-2.15.46.jar:/Users/will/.m2/repository/software/amazon/awssdk/apache-client/2.15.46/apache-client-2.15.46.jar:/Users/will/.m2/repository/org/apache/logging/log4j/log4j-api/2.7/log4j-api-2.7.jar:/Users/will/.m2/repository/org/apache/logging/log4j/log4j-core/2.19.0/log4j-core-2.19.0.jar:/Users/will/.m2/repository/org/apache/logging/log4j/log4j-slf4j-impl/2.7/log4j-slf4j-impl-2.7.jar:"/>
    <property name="java.vm.vendor" value="Azul Systems, Inc."/>
    <property name="sun.arch.data.model" value="64"/>
    <property name="java.vendor.url" value="http://www.azul.com/"/>
    <property name="user.timezone" value=""/>
    <property name="java.vm.specification.version" value="1.8"/>
    <property name="os.name" value="Mac OS X"/>
    <property name="user.country" value="US"/>
    <property name="sun.java.launcher" value="SUN_STANDARD"/>
    <property name="sun.boot.library.path" value="/Users/will/opt/miniconda3/envs/zarr/jre/lib"/>
    <property name="sun.java.command" value="/Users/will/Documents/GitHub/ncZarrTest/my-app/target/surefire/surefirebooter3491925531999945945.jar /Users/will/Documents/GitHub/ncZarrTest/my-app/target/surefire 2022-09-29T13-49-57_037-jvmRun1 surefire7663741251737030752tmp surefire_01303141650915930687tmp"/>
    <property name="http.nonProxyHosts" value="local|*.local|169.254/16|*.169.254/16"/>
    <property name="surefire.test.class.path" value="/Users/will/Documents/GitHub/ncZarrTest/my-app/target/test-classes:/Users/will/Documents/GitHub/ncZarrTest/my-app/target/classes:/Users/will/.m2/repository/junit/junit/4.11/junit-4.11.jar:/Users/will/.m2/repository/org/hamcrest/hamcrest-core/1.3/hamcrest-core-1.3.jar:/Users/will/.m2/repository/edu/ucar/cdm-core/5.5.2/cdm-core-5.5.2.jar:/Users/will/.m2/repository/edu/ucar/udunits/5.5.2/udunits-5.5.2.jar:/Users/will/.m2/repository/edu/ucar/httpservices/5.5.2/httpservices-5.5.2.jar:/Users/will/.m2/repository/org/apache/httpcomponents/httpclient/4.5.13/httpclient-4.5.13.jar:/Users/will/.m2/repository/commons-logging/commons-logging/1.2/commons-logging-1.2.jar:/Users/will/.m2/repository/commons-codec/commons-codec/1.11/commons-codec-1.11.jar:/Users/will/.m2/repository/org/apache/httpcomponents/httpcore/4.4.13/httpcore-4.4.13.jar:/Users/will/.m2/repository/org/apache/httpcomponents/httpmime/4.5.13/httpmime-4.5.13.jar:/Users/will/.m2/repository/com/beust/jcommander/1.78/jcommander-1.78.jar:/Users/will/.m2/repository/com/google/guava/guava/30.1-jre/guava-30.1-jre.jar:/Users/will/.m2/repository/com/google/guava/failureaccess/1.0.1/failureaccess-1.0.1.jar:/Users/will/.m2/repository/com/google/guava/listenablefuture/9999.0-empty-to-avoid-conflict-with-guava/listenablefuture-9999.0-empty-to-avoid-conflict-with-guava.jar:/Users/will/.m2/repository/org/checkerframework/checker-qual/3.5.0/checker-qual-3.5.0.jar:/Users/will/.m2/repository/com/google/errorprone/error_prone_annotations/2.3.4/error_prone_annotations-2.3.4.jar:/Users/will/.m2/repository/com/google/j2objc/j2objc-annotations/1.3/j2objc-annotations-1.3.jar:/Users/will/.m2/repository/com/google/protobuf/protobuf-java/3.12.4/protobuf-java-3.12.4.jar:/Users/will/.m2/repository/com/google/re2j/re2j/1.3/re2j-1.3.jar:/Users/will/.m2/repository/joda-time/joda-time/2.10.3/joda-time-2.10.3.jar:/Users/will/.m2/repository/org/jdom/jdom2/2.0.6/jdom2-2.0.6.jar:/Users/will/.m2/repository/org/slf4j/slf4j-api/1.7.28/slf4j-api-1.7.28.jar:/Users/will/.m2/repository/com/google/code/findbugs/jsr305/3.0.2/jsr305-3.0.2.jar:/Users/will/.m2/repository/edu/ucar/cdm-zarr/5.5.2/cdm-zarr-5.5.2.jar:/Users/will/.m2/repository/edu/ucar/cdm-s3/5.5.2/cdm-s3-5.5.2.jar:/Users/will/.m2/repository/com/fasterxml/jackson/core/jackson-core/2.10.5/jackson-core-2.10.5.jar:/Users/will/.m2/repository/com/fasterxml/jackson/core/jackson-databind/2.10.5.1/jackson-databind-2.10.5.1.jar:/Users/will/.m2/repository/com/fasterxml/jackson/core/jackson-annotations/2.10.5/jackson-annotations-2.10.5.jar:/Users/will/.m2/repository/software/amazon/awssdk/s3/2.15.46/s3-2.15.46.jar:/Users/will/.m2/repository/software/amazon/awssdk/aws-xml-protocol/2.15.46/aws-xml-protocol-2.15.46.jar:/Users/will/.m2/repository/software/amazon/awssdk/aws-query-protocol/2.15.46/aws-query-protocol-2.15.46.jar:/Users/will/.m2/repository/software/amazon/awssdk/protocol-core/2.15.46/protocol-core-2.15.46.jar:/Users/will/.m2/repository/software/amazon/awssdk/arns/2.15.46/arns-2.15.46.jar:/Users/will/.m2/repository/software/amazon/awssdk/profiles/2.15.46/profiles-2.15.46.jar:/Users/will/.m2/repository/software/amazon/awssdk/sdk-core/2.15.46/sdk-core-2.15.46.jar:/Users/will/.m2/repository/org/reactivestreams/reactive-streams/1.0.2/reactive-streams-1.0.2.jar:/Users/will/.m2/repository/software/amazon/awssdk/auth/2.15.46/auth-2.15.46.jar:/Users/will/.m2/repository/software/amazon/eventstream/eventstream/1.0.1/eventstream-1.0.1.jar:/Users/will/.m2/repository/software/amazon/awssdk/http-client-spi/2.15.46/http-client-spi-2.15.46.jar:/Users/will/.m2/repository/software/amazon/awssdk/regions/2.15.46/regions-2.15.46.jar:/Users/will/.m2/repository/software/amazon/awssdk/annotations/2.15.46/annotations-2.15.46.jar:/Users/will/.m2/repository/software/amazon/awssdk/utils/2.15.46/utils-2.15.46.jar:/Users/will/.m2/repository/software/amazon/awssdk/aws-core/2.15.46/aws-core-2.15.46.jar:/Users/will/.m2/repository/software/amazon/awssdk/metrics-spi/2.15.46/metrics-spi-2.15.46.jar:/Users/will/.m2/repository/software/amazon/awssdk/apache-client/2.15.46/apache-client-2.15.46.jar:/Users/will/.m2/repository/org/apache/logging/log4j/log4j-api/2.7/log4j-api-2.7.jar:/Users/will/.m2/repository/org/apache/logging/log4j/log4j-core/2.19.0/log4j-core-2.19.0.jar:/Users/will/.m2/repository/org/apache/logging/log4j/log4j-slf4j-impl/2.7/log4j-slf4j-impl-2.7.jar:"/>
    <property name="sun.cpu.endian" value="little"/>
    <property name="user.home" value="/Users/will"/>
    <property name="user.language" value="en"/>
    <property name="java.specification.vendor" value="Oracle Corporation"/>
    <property name="java.home" value="/Users/will/opt/miniconda3/envs/zarr/jre"/>
    <property name="basedir" value="/Users/will/Documents/GitHub/ncZarrTest/my-app"/>
    <property name="file.separator" value="/"/>
    <property name="line.separator" value="&#10;"/>
    <property name="jdk.vendor.version" value="Zulu 8.62.0.19-CA-macosx"/>
    <property name="java.vm.specification.vendor" value="Oracle Corporation"/>
    <property name="java.specification.name" value="Java Platform API Specification"/>
    <property name="java.awt.graphicsenv" value="sun.awt.CGraphicsEnvironment"/>
    <property name="surefire.real.class.path" value="/Users/will/Documents/GitHub/ncZarrTest/my-app/target/surefire/surefirebooter3491925531999945945.jar"/>
    <property name="sun.boot.class.path" value="/Users/will/opt/miniconda3/envs/zarr/jre/lib/resources.jar:/Users/will/opt/miniconda3/envs/zarr/jre/lib/rt.jar:/Users/will/opt/miniconda3/envs/zarr/jre/lib/sunrsasign.jar:/Users/will/opt/miniconda3/envs/zarr/jre/lib/jsse.jar:/Users/will/opt/miniconda3/envs/zarr/jre/lib/jce.jar:/Users/will/opt/miniconda3/envs/zarr/jre/lib/charsets.jar:/Users/will/opt/miniconda3/envs/zarr/jre/lib/jfr.jar:/Users/will/opt/miniconda3/envs/zarr/jre/lib/cat.jar:/Users/will/opt/miniconda3/envs/zarr/jre/classes"/>
    <property name="sun.management.compiler" value="HotSpot 64-Bit Tiered Compilers"/>
    <property name="ftp.nonProxyHosts" value="local|*.local|169.254/16|*.169.254/16"/>
    <property name="java.runtime.version" value="1.8.0_332-b09"/>
    <property name="user.name" value="will"/>
    <property name="path.separator" value=":"/>
    <property name="os.version" value="10.16"/>
    <property name="java.endorsed.dirs" value="/Users/will/opt/miniconda3/envs/zarr/jre/lib/endorsed"/>
    <property name="java.runtime.name" value="OpenJDK Runtime Environment"/>
    <property name="file.encoding" value="UTF-8"/>
    <property name="java.vm.name" value="OpenJDK 64-Bit Server VM"/>
    <property name="localRepository" value="/Users/will/.m2/repository"/>
    <property name="java.vendor.url.bug" value="http://www.azul.com/support/"/>
    <property name="java.io.tmpdir" value="/var/folders/7c/1kvm3xqn2p127bkyj5ppx1qc0000gn/T/"/>
    <property name="java.version" value="1.8.0_332"/>
    <property name="user.dir" value="/Users/will/Documents/GitHub/ncZarrTest/my-app"/>
    <property name="os.arch" value="x86_64"/>
    <property name="java.vm.specification.name" value="Java Virtual Machine Specification"/>
    <property name="java.awt.printerjob" value="sun.lwawt.macosx.CPrinterJob"/>
    <property name="sun.os.patch.level" value="unknown"/>
    <property name="java.library.path" value="/Users/will/Library/Java/Extensions:/Library/Java/Extensions:/Network/Library/Java/Extensions:/System/Library/Java/Extensions:/usr/lib/java:."/>
    <property name="java.vm.info" value="mixed mode"/>
    <property name="java.vendor" value="Azul Systems, Inc."/>
    <property name="java.vm.version" value="25.332-b09"/>
    <property name="java.ext.dirs" value="/Users/will/Library/Java/Extensions:/Users/will/opt/miniconda3/envs/zarr/jre/lib/ext:/Library/Java/Extensions:/Network/Library/Java/Extensions:/System/Library/Java/Extensions:/usr/lib/java"/>
    <property name="sun.io.unicode.encoding" value="UnicodeBig"/>
    <property name="java.class.version" value="52.0"/>
    <property name="socksNonProxyHosts" value="local|*.local|169.254/16|*.169.254/16"/>
  </properties>
  <testcase name="shouldAnswerWithTrue" classname="com.mycompany.app.AppTest" time="0.001"/>
</testsuite>